Started GET "/" for 127.0.0.1 at 2023-05-10 23:21:26 +0200
  [1m[36mActiveRecord::SchemaMigration Pluck (2.8ms)[0m  [1m[34mSELECT "schema_migrations"."version" FROM "schema_migrations" ORDER BY "schema_migrations"."version" ASC[0m
Processing by GossipsController#index as HTML
  Rendering layout layouts/application.html.erb
  Rendering gossips/index.html.erb within layouts/application
  [1m[36mGossip Load (3.5ms)[0m  [1m[34mSELECT "gossips".* FROM "gossips" ORDER BY "gossips"."updated_at" DESC[0m
  ↳ app/views/gossips/index.html.erb:12
  [1m[36mComment Count (2.9ms)[0m  [1m[34mSELECT COUNT(*) FROM "comments" WHERE "comments"."gossip_id" = $1[0m  [["gossip_id", 66]]
  ↳ app/models/gossip.rb:12:in `comments_count'
  [1m[36mComment Count (0.3ms)[0m  [1m[34mSELECT COUNT(*) FROM "comments" WHERE "comments"."gossip_id" = $1[0m  [["gossip_id", 65]]
  ↳ app/models/gossip.rb:12:in `comments_count'
  [1m[36mComment Count (0.2ms)[0m  [1m[34mSELECT COUNT(*) FROM "comments" WHERE "comments"."gossip_id" = $1[0m  [["gossip_id", 64]]
  ↳ app/models/gossip.rb:12:in `comments_count'
  [1m[36mComment Count (0.3ms)[0m  [1m[34mSELECT COUNT(*) FROM "comments" WHERE "comments"."gossip_id" = $1[0m  [["gossip_id", 63]]
  ↳ app/models/gossip.rb:12:in `comments_count'
  [1m[36mComment Count (0.4ms)[0m  [1m[34mSELECT COUNT(*) FROM "comments" WHERE "comments"."gossip_id" = $1[0m  [["gossip_id", 62]]
  ↳ app/models/gossip.rb:12:in `comments_count'
  [1m[36mComment Count (0.3ms)[0m  [1m[34mSELECT COUNT(*) FROM "comments" WHERE "comments"."gossip_id" = $1[0m  [["gossip_id", 61]]
  ↳ app/models/gossip.rb:12:in `comments_count'
  [1m[36mComment Count (0.2ms)[0m  [1m[34mSELECT COUNT(*) FROM "comments" WHERE "comments"."gossip_id" = $1[0m  [["gossip_id", 60]]
  ↳ app/models/gossip.rb:12:in `comments_count'
  [1m[36mComment Count (0.2ms)[0m  [1m[34mSELECT COUNT(*) FROM "comments" WHERE "comments"."gossip_id" = $1[0m  [["gossip_id", 59]]
  ↳ app/models/gossip.rb:12:in `comments_count'
  [1m[36mComment Count (0.2ms)[0m  [1m[34mSELECT COUNT(*) FROM "comments" WHERE "comments"."gossip_id" = $1[0m  [["gossip_id", 58]]
  ↳ app/models/gossip.rb:12:in `comments_count'
  [1m[36mComment Count (0.2ms)[0m  [1m[34mSELECT COUNT(*) FROM "comments" WHERE "comments"."gossip_id" = $1[0m  [["gossip_id", 57]]
  ↳ app/models/gossip.rb:12:in `comments_count'
  [1m[36mComment Count (0.2ms)[0m  [1m[34mSELECT COUNT(*) FROM "comments" WHERE "comments"."gossip_id" = $1[0m  [["gossip_id", 56]]
  ↳ app/models/gossip.rb:12:in `comments_count'
  [1m[36mComment Count (0.2ms)[0m  [1m[34mSELECT COUNT(*) FROM "comments" WHERE "comments"."gossip_id" = $1[0m  [["gossip_id", 55]]
  ↳ app/models/gossip.rb:12:in `comments_count'
  [1m[36mComment Count (0.2ms)[0m  [1m[34mSELECT COUNT(*) FROM "comments" WHERE "comments"."gossip_id" = $1[0m  [["gossip_id", 54]]
  ↳ app/models/gossip.rb:12:in `comments_count'
  [1m[36mComment Count (0.3ms)[0m  [1m[34mSELECT COUNT(*) FROM "comments" WHERE "comments"."gossip_id" = $1[0m  [["gossip_id", 53]]
  ↳ app/models/gossip.rb:12:in `comments_count'
  [1m[36mComment Count (0.8ms)[0m  [1m[34mSELECT COUNT(*) FROM "comments" WHERE "comments"."gossip_id" = $1[0m  [["gossip_id", 52]]
  ↳ app/models/gossip.rb:12:in `comments_count'
  [1m[36mComment Count (0.3ms)[0m  [1m[34mSELECT COUNT(*) FROM "comments" WHERE "comments"."gossip_id" = $1[0m  [["gossip_id", 51]]
  ↳ app/models/gossip.rb:12:in `comments_count'
  [1m[36mComment Count (0.3ms)[0m  [1m[34mSELECT COUNT(*) FROM "comments" WHERE "comments"."gossip_id" = $1[0m  [["gossip_id", 50]]
  ↳ app/models/gossip.rb:12:in `comments_count'
  [1m[36mComment Count (0.2ms)[0m  [1m[34mSELECT COUNT(*) FROM "comments" WHERE "comments"."gossip_id" = $1[0m  [["gossip_id", 49]]
  ↳ app/models/gossip.rb:12:in `comments_count'
  [1m[36mComment Count (0.2ms)[0m  [1m[34mSELECT COUNT(*) FROM "comments" WHERE "comments"."gossip_id" = $1[0m  [["gossip_id", 48]]
  ↳ app/models/gossip.rb:12:in `comments_count'
  [1m[36mComment Count (0.2ms)[0m  [1m[34mSELECT COUNT(*) FROM "comments" WHERE "comments"."gossip_id" = $1[0m  [["gossip_id", 47]]
  ↳ app/models/gossip.rb:12:in `comments_count'
  [1m[36mComment Count (0.2ms)[0m  [1m[34mSELECT COUNT(*) FROM "comments" WHERE "comments"."gossip_id" = $1[0m  [["gossip_id", 46]]
  ↳ app/models/gossip.rb:12:in `comments_count'
  [1m[36mComment Count (0.2ms)[0m  [1m[34mSELECT COUNT(*) FROM "comments" WHERE "comments"."gossip_id" = $1[0m  [["gossip_id", 45]]
  ↳ app/models/gossip.rb:12:in `comments_count'
  [1m[36mComment Count (0.2ms)[0m  [1m[34mSELECT COUNT(*) FROM "comments" WHERE "comments"."gossip_id" = $1[0m  [["gossip_id", 44]]
  ↳ app/models/gossip.rb:12:in `comments_count'
  [1m[36mComment Count (0.2ms)[0m  [1m[34mSELECT COUNT(*) FROM "comments" WHERE "comments"."gossip_id" = $1[0m  [["gossip_id", 43]]
  ↳ app/models/gossip.rb:12:in `comments_count'
  [1m[36mComment Count (0.2ms)[0m  [1m[34mSELECT COUNT(*) FROM "comments" WHERE "comments"."gossip_id" = $1[0m  [["gossip_id", 42]]
  ↳ app/models/gossip.rb:12:in `comments_count'
  [1m[36mComment Count (0.4ms)[0m  [1m[34mSELECT COUNT(*) FROM "comments" WHERE "comments"."gossip_id" = $1[0m  [["gossip_id", 41]]
  ↳ app/models/gossip.rb:12:in `comments_count'
  [1m[36mComment Count (10.5ms)[0m  [1m[34mSELECT COUNT(*) FROM "comments" WHERE "comments"."gossip_id" = $1[0m  [["gossip_id", 40]]
  ↳ app/models/gossip.rb:12:in `comments_count'
  [1m[36mComment Count (0.2ms)[0m  [1m[34mSELECT COUNT(*) FROM "comments" WHERE "comments"."gossip_id" = $1[0m  [["gossip_id", 39]]
  ↳ app/models/gossip.rb:12:in `comments_count'
  [1m[36mComment Count (0.3ms)[0m  [1m[34mSELECT COUNT(*) FROM "comments" WHERE "comments"."gossip_id" = $1[0m  [["gossip_id", 38]]
  ↳ app/models/gossip.rb:12:in `comments_count'
  [1m[36mComment Count (0.5ms)[0m  [1m[34mSELECT COUNT(*) FROM "comments" WHERE "comments"."gossip_id" = $1[0m  [["gossip_id", 37]]
  ↳ app/models/gossip.rb:12:in `comments_count'
  [1m[36mComment Count (0.3ms)[0m  [1m[34mSELECT COUNT(*) FROM "comments" WHERE "comments"."gossip_id" = $1[0m  [["gossip_id", 36]]
  ↳ app/models/gossip.rb:12:in `comments_count'
  [1m[36mComment Count (0.3ms)[0m  [1m[34mSELECT COUNT(*) FROM "comments" WHERE "comments"."gossip_id" = $1[0m  [["gossip_id", 35]]
  ↳ app/models/gossip.rb:12:in `comments_count'
  [1m[36mComment Count (0.3ms)[0m  [1m[34mSELECT COUNT(*) FROM "comments" WHERE "comments"."gossip_id" = $1[0m  [["gossip_id", 34]]
  ↳ app/models/gossip.rb:12:in `comments_count'
  [1m[36mComment Count (0.4ms)[0m  [1m[34mSELECT COUNT(*) FROM "comments" WHERE "comments"."gossip_id" = $1[0m  [["gossip_id", 33]]
  ↳ app/models/gossip.rb:12:in `comments_count'
  [1m[36mComment Count (0.3ms)[0m  [1m[34mSELECT COUNT(*) FROM "comments" WHERE "comments"."gossip_id" = $1[0m  [["gossip_id", 32]]
  ↳ app/models/gossip.rb:12:in `comments_count'
  [1m[36mComment Count (0.2ms)[0m  [1m[34mSELECT COUNT(*) FROM "comments" WHERE "comments"."gossip_id" = $1[0m  [["gossip_id", 31]]
  ↳ app/models/gossip.rb:12:in `comments_count'
  [1m[36mComment Count (0.6ms)[0m  [1m[34mSELECT COUNT(*) FROM "comments" WHERE "comments"."gossip_id" = $1[0m  [["gossip_id", 30]]
  ↳ app/models/gossip.rb:12:in `comments_count'
  [1m[36mComment Count (0.4ms)[0m  [1m[34mSELECT COUNT(*) FROM "comments" WHERE "comments"."gossip_id" = $1[0m  [["gossip_id", 29]]
  ↳ app/models/gossip.rb:12:in `comments_count'
  [1m[36mComment Count (0.3ms)[0m  [1m[34mSELECT COUNT(*) FROM "comments" WHERE "comments"."gossip_id" = $1[0m  [["gossip_id", 28]]
  ↳ app/models/gossip.rb:12:in `comments_count'
  [1m[36mComment Count (0.5ms)[0m  [1m[34mSELECT COUNT(*) FROM "comments" WHERE "comments"."gossip_id" = $1[0m  [["gossip_id", 27]]
  ↳ app/models/gossip.rb:12:in `comments_count'
  [1m[36mComment Count (0.3ms)[0m  [1m[34mSELECT COUNT(*) FROM "comments" WHERE "comments"."gossip_id" = $1[0m  [["gossip_id", 26]]
  ↳ app/models/gossip.rb:12:in `comments_count'
  [1m[36mComment Count (0.3ms)[0m  [1m[34mSELECT COUNT(*) FROM "comments" WHERE "comments"."gossip_id" = $1[0m  [["gossip_id", 25]]
  ↳ app/models/gossip.rb:12:in `comments_count'
  [1m[36mComment Count (0.4ms)[0m  [1m[34mSELECT COUNT(*) FROM "comments" WHERE "comments"."gossip_id" = $1[0m  [["gossip_id", 24]]
  ↳ app/models/gossip.rb:12:in `comments_count'
  [1m[36mComment Count (0.3ms)[0m  [1m[34mSELECT COUNT(*) FROM "comments" WHERE "comments"."gossip_id" = $1[0m  [["gossip_id", 23]]
  ↳ app/models/gossip.rb:12:in `comments_count'
  [1m[36mComment Count (0.3ms)[0m  [1m[34mSELECT COUNT(*) FROM "comments" WHERE "comments"."gossip_id" = $1[0m  [["gossip_id", 22]]
  ↳ app/models/gossip.rb:12:in `comments_count'
  [1m[36mComment Count (0.3ms)[0m  [1m[34mSELECT COUNT(*) FROM "comments" WHERE "comments"."gossip_id" = $1[0m  [["gossip_id", 21]]
  ↳ app/models/gossip.rb:12:in `comments_count'
  [1m[36mComment Count (0.4ms)[0m  [1m[34mSELECT COUNT(*) FROM "comments" WHERE "comments"."gossip_id" = $1[0m  [["gossip_id", 20]]
  ↳ app/models/gossip.rb:12:in `comments_count'
  [1m[36mComment Count (0.7ms)[0m  [1m[34mSELECT COUNT(*) FROM "comments" WHERE "comments"."gossip_id" = $1[0m  [["gossip_id", 19]]
  ↳ app/models/gossip.rb:12:in `comments_count'
  [1m[36mComment Count (0.3ms)[0m  [1m[34mSELECT COUNT(*) FROM "comments" WHERE "comments"."gossip_id" = $1[0m  [["gossip_id", 18]]
  ↳ app/models/gossip.rb:12:in `comments_count'
  [1m[36mComment Count (0.3ms)[0m  [1m[34mSELECT COUNT(*) FROM "comments" WHERE "comments"."gossip_id" = $1[0m  [["gossip_id", 17]]
  ↳ app/models/gossip.rb:12:in `comments_count'
  [1m[36mComment Count (0.3ms)[0m  [1m[34mSELECT COUNT(*) FROM "comments" WHERE "comments"."gossip_id" = $1[0m  [["gossip_id", 16]]
  ↳ app/models/gossip.rb:12:in `comments_count'
  [1m[36mComment Count (0.6ms)[0m  [1m[34mSELECT COUNT(*) FROM "comments" WHERE "comments"."gossip_id" = $1[0m  [["gossip_id", 15]]
  ↳ app/models/gossip.rb:12:in `comments_count'
  [1m[36mComment Count (0.3ms)[0m  [1m[34mSELECT COUNT(*) FROM "comments" WHERE "comments"."gossip_id" = $1[0m  [["gossip_id", 14]]
  ↳ app/models/gossip.rb:12:in `comments_count'
  [1m[36mComment Count (0.3ms)[0m  [1m[34mSELECT COUNT(*) FROM "comments" WHERE "comments"."gossip_id" = $1[0m  [["gossip_id", 13]]
  ↳ app/models/gossip.rb:12:in `comments_count'
  [1m[36mComment Count (0.4ms)[0m  [1m[34mSELECT COUNT(*) FROM "comments" WHERE "comments"."gossip_id" = $1[0m  [["gossip_id", 12]]
  ↳ app/models/gossip.rb:12:in `comments_count'
  [1m[36mComment Count (0.3ms)[0m  [1m[34mSELECT COUNT(*) FROM "comments" WHERE "comments"."gossip_id" = $1[0m  [["gossip_id", 11]]
  ↳ app/models/gossip.rb:12:in `comments_count'
  [1m[36mComment Count (0.5ms)[0m  [1m[34mSELECT COUNT(*) FROM "comments" WHERE "comments"."gossip_id" = $1[0m  [["gossip_id", 10]]
  ↳ app/models/gossip.rb:12:in `comments_count'
  [1m[36mComment Count (0.4ms)[0m  [1m[34mSELECT COUNT(*) FROM "comments" WHERE "comments"."gossip_id" = $1[0m  [["gossip_id", 9]]
  ↳ app/models/gossip.rb:12:in `comments_count'
  [1m[36mComment Count (0.3ms)[0m  [1m[34mSELECT COUNT(*) FROM "comments" WHERE "comments"."gossip_id" = $1[0m  [["gossip_id", 8]]
  ↳ app/models/gossip.rb:12:in `comments_count'
  [1m[36mComment Count (0.4ms)[0m  [1m[34mSELECT COUNT(*) FROM "comments" WHERE "comments"."gossip_id" = $1[0m  [["gossip_id", 7]]
  ↳ app/models/gossip.rb:12:in `comments_count'
  [1m[36mComment Count (0.4ms)[0m  [1m[34mSELECT COUNT(*) FROM "comments" WHERE "comments"."gossip_id" = $1[0m  [["gossip_id", 6]]
  ↳ app/models/gossip.rb:12:in `comments_count'
  [1m[36mComment Count (0.3ms)[0m  [1m[34mSELECT COUNT(*) FROM "comments" WHERE "comments"."gossip_id" = $1[0m  [["gossip_id", 5]]
  ↳ app/models/gossip.rb:12:in `comments_count'
  [1m[36mComment Count (0.3ms)[0m  [1m[34mSELECT COUNT(*) FROM "comments" WHERE "comments"."gossip_id" = $1[0m  [["gossip_id", 4]]
  ↳ app/models/gossip.rb:12:in `comments_count'
  [1m[36mComment Count (0.3ms)[0m  [1m[34mSELECT COUNT(*) FROM "comments" WHERE "comments"."gossip_id" = $1[0m  [["gossip_id", 3]]
  ↳ app/models/gossip.rb:12:in `comments_count'
  [1m[36mComment Count (0.3ms)[0m  [1m[34mSELECT COUNT(*) FROM "comments" WHERE "comments"."gossip_id" = $1[0m  [["gossip_id", 2]]
  ↳ app/models/gossip.rb:12:in `comments_count'
  [1m[36mComment Count (0.5ms)[0m  [1m[34mSELECT COUNT(*) FROM "comments" WHERE "comments"."gossip_id" = $1[0m  [["gossip_id", 1]]
  ↳ app/models/gossip.rb:12:in `comments_count'
  Rendered gossips/index.html.erb within layouts/application (Duration: 165.3ms | Allocations: 72266)
  Rendered layout layouts/application.html.erb (Duration: 218.2ms | Allocations: 99448)
Completed 200 OK in 251ms (Views: 181.2ms | ActiveRecord: 45.5ms | Allocations: 113508)


Started GET "/gossips/new" for 127.0.0.1 at 2023-05-10 23:21:27 +0200
Processing by GossipsController#new as HTML
  Rendering layout layouts/application.html.erb
  Rendering gossips/new.html.erb within layouts/application
  [1m[36mTag Load (3.5ms)[0m  [1m[34mSELECT "tags".* FROM "tags"[0m
  ↳ app/views/gossips/new.html.erb:11:in `map'
  Rendered gossips/new.html.erb within layouts/application (Duration: 22.6ms | Allocations: 9376)
  Rendered layout layouts/application.html.erb (Duration: 22.9ms | Allocations: 9448)
Completed 500 Internal Server Error in 25ms (ActiveRecord: 5.6ms | Allocations: 9835)


  
ActionView::Template::Error (undefined method `name' for #<Tag id: 1, title: "Survival horror", created_at: "2023-05-10 15:27:56.561298000 +0000", updated_at: "2023-05-10 15:27:56.561298000 +0000">):
     8:     <%= label_tag :content, "Le contenu de votre potin:" %><br>
     9:     <%= text_area_tag :content, nil, size: '60' %>
    10:     <%= label_tag :tag, "Tags:" %><br>
    11:     <%= select_tag :tag, options_for_select(Tag.all.map { |tag| [tag.name, tag.id] }), prompt: "Sélectionner un tag" %><br><br>
    12:     <%= submit_tag "Envoyer", data: { turbo: false } %>
    13:   <% end %>
    14: </div>
  
app/views/gossips/new.html.erb:11
app/views/gossips/new.html.erb:11:in `map'
app/views/gossips/new.html.erb:11
app/views/gossips/new.html.erb:4
Started GET "/gossips/new" for 127.0.0.1 at 2023-05-10 23:21:45 +0200
Processing by GossipsController#new as HTML
  Rendering layout layouts/application.html.erb
  Rendering gossips/new.html.erb within layouts/application
  [1m[36mTag Load (0.3ms)[0m  [1m[34mSELECT "tags".* FROM "tags"[0m
  ↳ app/views/gossips/new.html.erb:11:in `map'
  Rendered gossips/new.html.erb within layouts/application (Duration: 5.3ms | Allocations: 2629)
  Rendered layout layouts/application.html.erb (Duration: 13.7ms | Allocations: 7954)
Completed 200 OK in 17ms (Views: 15.7ms | ActiveRecord: 0.2ms | Allocations: 8976)


Started GET "/gossips/new" for 127.0.0.1 at 2023-05-10 23:23:29 +0200
Processing by GossipsController#new as HTML
  Rendering layout layouts/application.html.erb
  Rendering gossips/new.html.erb within layouts/application
  [1m[36mTag Load (0.2ms)[0m  [1m[34mSELECT "tags".* FROM "tags"[0m
  ↳ app/views/gossips/new.html.erb:11:in `map'
  Rendered gossips/new.html.erb within layouts/application (Duration: 4.3ms | Allocations: 3257)
  Rendered layout layouts/application.html.erb (Duration: 4.5ms | Allocations: 3330)
Completed 500 Internal Server Error in 8ms (ActiveRecord: 0.2ms | Allocations: 4321)


  
ActionView::Template::Error (wrong number of arguments (given 4, expected 1..3)):
     8:     <%= label_tag :content, "Le contenu de votre potin:" %><br>
     9:     <%= text_area_tag :content, nil, size: '60' %>
    10:     <%= label_tag :tag, "Tags:" %><br>
    11:     <%= select_tag :tag, options_for_select(Tag.all.map { |tag| [tag.title, tag.id] }), { prompt: "Sélectionner des tags" }, multiple: true %>
    12:     <%= submit_tag "Envoyer", data: { turbo: false } %>
    13:   <% end %>
    14: </div>
  
app/views/gossips/new.html.erb:11
app/views/gossips/new.html.erb:4
Started GET "/gossips/new" for 127.0.0.1 at 2023-05-10 23:23:59 +0200
Processing by GossipsController#new as HTML
  Rendering layout layouts/application.html.erb
  Rendering gossips/new.html.erb within layouts/application
  [1m[36mTag Load (0.8ms)[0m  [1m[34mSELECT "tags".* FROM "tags"[0m
  ↳ app/views/gossips/new.html.erb:11:in `map'
  Rendered gossips/new.html.erb within layouts/application (Duration: 11.8ms | Allocations: 2566)
  Rendered layout layouts/application.html.erb (Duration: 50.0ms | Allocations: 7890)
Completed 200 OK in 54ms (Views: 52.0ms | ActiveRecord: 0.8ms | Allocations: 8903)


Started POST "/gossips" for 127.0.0.1 at 2023-05-10 23:24:27 +0200
Processing by GossipsController#create as HTML
  Parameters: {"authenticity_token"=>"[FILTERED]", "title"=>"Potin Trivia x Horror ", "content"=>"Survival Horror et Trivia", "tag"=>["1", "3"], "commit"=>"Envoyer"}
  [1m[36mUser Load (3.6ms)[0m  [1m[34mSELECT "users".* FROM "users" WHERE "users"."id" = $1 LIMIT $2[0m  [["id", 1], ["LIMIT", 1]]
  ↳ app/controllers/gossips_controller.rb:7:in `create'
  [1m[36mTRANSACTION (1.3ms)[0m  [1m[35mBEGIN[0m
  ↳ app/controllers/gossips_controller.rb:9:in `create'
  [1m[36mGossip Exists? (1.2ms)[0m  [1m[34mSELECT 1 AS one FROM "gossips" WHERE "gossips"."title" = $1 LIMIT $2[0m  [["title", "Potin Trivia x Horror "], ["LIMIT", 1]]
  ↳ app/controllers/gossips_controller.rb:9:in `create'
  [1m[36mGossip Exists? (0.3ms)[0m  [1m[34mSELECT 1 AS one FROM "gossips" WHERE "gossips"."content" = $1 LIMIT $2[0m  [["content", "Survival Horror et Trivia"], ["LIMIT", 1]]
  ↳ app/controllers/gossips_controller.rb:9:in `create'
  [1m[36mGossip Create (9.5ms)[0m  [1m[32mINSERT INTO "gossips" ("title", "content", "user_id", "created_at", "updated_at") VALUES ($1, $2, $3, $4, $5) RETURNING "id"[0m  [["title", "Potin Trivia x Horror "], ["content", "Survival Horror et Trivia"], ["user_id", 1], ["created_at", "2023-05-10 21:24:27.957181"], ["updated_at", "2023-05-10 21:24:27.957181"]]
  ↳ app/controllers/gossips_controller.rb:9:in `create'
  [1m[36mTRANSACTION (2.9ms)[0m  [1m[35mCOMMIT[0m
  ↳ app/controllers/gossips_controller.rb:9:in `create'
Redirected to http://127.0.0.1:3000/
Completed 302 Found in 73ms (ActiveRecord: 21.6ms | Allocations: 31045)


Started GET "/" for 127.0.0.1 at 2023-05-10 23:24:27 +0200
Processing by GossipsController#index as HTML
  Rendering layout layouts/application.html.erb
  Rendering gossips/index.html.erb within layouts/application
  [1m[36mGossip Load (0.5ms)[0m  [1m[34mSELECT "gossips".* FROM "gossips" ORDER BY "gossips"."updated_at" DESC[0m
  ↳ app/views/gossips/index.html.erb:12
  [1m[36mComment Count (0.3ms)[0m  [1m[34mSELECT COUNT(*) FROM "comments" WHERE "comments"."gossip_id" = $1[0m  [["gossip_id", 67]]
  ↳ app/models/gossip.rb:12:in `comments_count'
  [1m[36mComment Count (0.3ms)[0m  [1m[34mSELECT COUNT(*) FROM "comments" WHERE "comments"."gossip_id" = $1[0m  [["gossip_id", 66]]
  ↳ app/models/gossip.rb:12:in `comments_count'
  [1m[36mComment Count (0.3ms)[0m  [1m[34mSELECT COUNT(*) FROM "comments" WHERE "comments"."gossip_id" = $1[0m  [["gossip_id", 65]]
  ↳ app/models/gossip.rb:12:in `comments_count'
  [1m[36mComment Count (0.3ms)[0m  [1m[34mSELECT COUNT(*) FROM "comments" WHERE "comments"."gossip_id" = $1[0m  [["gossip_id", 64]]
  ↳ app/models/gossip.rb:12:in `comments_count'
  [1m[36mComment Count (0.2ms)[0m  [1m[34mSELECT COUNT(*) FROM "comments" WHERE "comments"."gossip_id" = $1[0m  [["gossip_id", 63]]
  ↳ app/models/gossip.rb:12:in `comments_count'
  [1m[36mComment Count (0.3ms)[0m  [1m[34mSELECT COUNT(*) FROM "comments" WHERE "comments"."gossip_id" = $1[0m  [["gossip_id", 62]]
  ↳ app/models/gossip.rb:12:in `comments_count'
  [1m[36mComment Count (0.3ms)[0m  [1m[34mSELECT COUNT(*) FROM "comments" WHERE "comments"."gossip_id" = $1[0m  [["gossip_id", 61]]
  ↳ app/models/gossip.rb:12:in `comments_count'
  [1m[36mComment Count (0.5ms)[0m  [1m[34mSELECT COUNT(*) FROM "comments" WHERE "comments"."gossip_id" = $1[0m  [["gossip_id", 60]]
  ↳ app/models/gossip.rb:12:in `comments_count'
  [1m[36mComment Count (0.3ms)[0m  [1m[34mSELECT COUNT(*) FROM "comments" WHERE "comments"."gossip_id" = $1[0m  [["gossip_id", 59]]
  ↳ app/models/gossip.rb:12:in `comments_count'
  [1m[36mComment Count (0.3ms)[0m  [1m[34mSELECT COUNT(*) FROM "comments" WHERE "comments"."gossip_id" = $1[0m  [["gossip_id", 58]]
  ↳ app/models/gossip.rb:12:in `comments_count'
  [1m[36mComment Count (0.3ms)[0m  [1m[34mSELECT COUNT(*) FROM "comments" WHERE "comments"."gossip_id" = $1[0m  [["gossip_id", 57]]
  ↳ app/models/gossip.rb:12:in `comments_count'
  [1m[36mComment Count (0.4ms)[0m  [1m[34mSELECT COUNT(*) FROM "comments" WHERE "comments"."gossip_id" = $1[0m  [["gossip_id", 56]]
  ↳ app/models/gossip.rb:12:in `comments_count'
  [1m[36mComment Count (0.3ms)[0m  [1m[34mSELECT COUNT(*) FROM "comments" WHERE "comments"."gossip_id" = $1[0m  [["gossip_id", 55]]
  ↳ app/models/gossip.rb:12:in `comments_count'
  [1m[36mComment Count (0.3ms)[0m  [1m[34mSELECT COUNT(*) FROM "comments" WHERE "comments"."gossip_id" = $1[0m  [["gossip_id", 54]]
  ↳ app/models/gossip.rb:12:in `comments_count'
  [1m[36mComment Count (0.3ms)[0m  [1m[34mSELECT COUNT(*) FROM "comments" WHERE "comments"."gossip_id" = $1[0m  [["gossip_id", 53]]
  ↳ app/models/gossip.rb:12:in `comments_count'
  [1m[36mComment Count (0.5ms)[0m  [1m[34mSELECT COUNT(*) FROM "comments" WHERE "comments"."gossip_id" = $1[0m  [["gossip_id", 52]]
  ↳ app/models/gossip.rb:12:in `comments_count'
  [1m[36mComment Count (0.3ms)[0m  [1m[34mSELECT COUNT(*) FROM "comments" WHERE "comments"."gossip_id" = $1[0m  [["gossip_id", 51]]
  ↳ app/models/gossip.rb:12:in `comments_count'
  [1m[36mComment Count (0.5ms)[0m  [1m[34mSELECT COUNT(*) FROM "comments" WHERE "comments"."gossip_id" = $1[0m  [["gossip_id", 50]]
  ↳ app/models/gossip.rb:12:in `comments_count'
  [1m[36mComment Count (0.3ms)[0m  [1m[34mSELECT COUNT(*) FROM "comments" WHERE "comments"."gossip_id" = $1[0m  [["gossip_id", 49]]
  ↳ app/models/gossip.rb:12:in `comments_count'
  [1m[36mComment Count (0.3ms)[0m  [1m[34mSELECT COUNT(*) FROM "comments" WHERE "comments"."gossip_id" = $1[0m  [["gossip_id", 48]]
  ↳ app/models/gossip.rb:12:in `comments_count'
  [1m[36mComment Count (0.3ms)[0m  [1m[34mSELECT COUNT(*) FROM "comments" WHERE "comments"."gossip_id" = $1[0m  [["gossip_id", 47]]
  ↳ app/models/gossip.rb:12:in `comments_count'
  [1m[36mComment Count (0.3ms)[0m  [1m[34mSELECT COUNT(*) FROM "comments" WHERE "comments"."gossip_id" = $1[0m  [["gossip_id", 46]]
  ↳ app/models/gossip.rb:12:in `comments_count'
  [1m[36mComment Count (0.3ms)[0m  [1m[34mSELECT COUNT(*) FROM "comments" WHERE "comments"."gossip_id" = $1[0m  [["gossip_id", 45]]
  ↳ app/models/gossip.rb:12:in `comments_count'
  [1m[36mComment Count (0.3ms)[0m  [1m[34mSELECT COUNT(*) FROM "comments" WHERE "comments"."gossip_id" = $1[0m  [["gossip_id", 44]]
  ↳ app/models/gossip.rb:12:in `comments_count'
  [1m[36mComment Count (0.3ms)[0m  [1m[34mSELECT COUNT(*) FROM "comments" WHERE "comments"."gossip_id" = $1[0m  [["gossip_id", 43]]
  ↳ app/models/gossip.rb:12:in `comments_count'
  [1m[36mComment Count (1.1ms)[0m  [1m[34mSELECT COUNT(*) FROM "comments" WHERE "comments"."gossip_id" = $1[0m  [["gossip_id", 42]]
  ↳ app/models/gossip.rb:12:in `comments_count'
  [1m[36mComment Count (0.3ms)[0m  [1m[34mSELECT COUNT(*) FROM "comments" WHERE "comments"."gossip_id" = $1[0m  [["gossip_id", 41]]
  ↳ app/models/gossip.rb:12:in `comments_count'
  [1m[36mComment Count (0.3ms)[0m  [1m[34mSELECT COUNT(*) FROM "comments" WHERE "comments"."gossip_id" = $1[0m  [["gossip_id", 40]]
  ↳ app/models/gossip.rb:12:in `comments_count'
  [1m[36mComment Count (0.2ms)[0m  [1m[34mSELECT COUNT(*) FROM "comments" WHERE "comments"."gossip_id" = $1[0m  [["gossip_id", 39]]
  ↳ app/models/gossip.rb:12:in `comments_count'
  [1m[36mComment Count (0.2ms)[0m  [1m[34mSELECT COUNT(*) FROM "comments" WHERE "comments"."gossip_id" = $1[0m  [["gossip_id", 38]]
  ↳ app/models/gossip.rb:12:in `comments_count'
  [1m[36mComment Count (0.2ms)[0m  [1m[34mSELECT COUNT(*) FROM "comments" WHERE "comments"."gossip_id" = $1[0m  [["gossip_id", 37]]
  ↳ app/models/gossip.rb:12:in `comments_count'
  [1m[36mComment Count (0.2ms)[0m  [1m[34mSELECT COUNT(*) FROM "comments" WHERE "comments"."gossip_id" = $1[0m  [["gossip_id", 36]]
  ↳ app/models/gossip.rb:12:in `comments_count'
  [1m[36mComment Count (0.4ms)[0m  [1m[34mSELECT COUNT(*) FROM "comments" WHERE "comments"."gossip_id" = $1[0m  [["gossip_id", 35]]
  ↳ app/models/gossip.rb:12:in `comments_count'
  [1m[36mComment Count (0.3ms)[0m  [1m[34mSELECT COUNT(*) FROM "comments" WHERE "comments"."gossip_id" = $1[0m  [["gossip_id", 34]]
  ↳ app/models/gossip.rb:12:in `comments_count'
  [1m[36mComment Count (0.7ms)[0m  [1m[34mSELECT COUNT(*) FROM "comments" WHERE "comments"."gossip_id" = $1[0m  [["gossip_id", 33]]
  ↳ app/models/gossip.rb:12:in `comments_count'
  [1m[36mComment Count (0.4ms)[0m  [1m[34mSELECT COUNT(*) FROM "comments" WHERE "comments"."gossip_id" = $1[0m  [["gossip_id", 32]]
  ↳ app/models/gossip.rb:12:in `comments_count'
  [1m[36mComment Count (0.3ms)[0m  [1m[34mSELECT COUNT(*) FROM "comments" WHERE "comments"."gossip_id" = $1[0m  [["gossip_id", 31]]
  ↳ app/models/gossip.rb:12:in `comments_count'
  [1m[36mComment Count (0.4ms)[0m  [1m[34mSELECT COUNT(*) FROM "comments" WHERE "comments"."gossip_id" = $1[0m  [["gossip_id", 30]]
  ↳ app/models/gossip.rb:12:in `comments_count'
  [1m[36mComment Count (0.4ms)[0m  [1m[34mSELECT COUNT(*) FROM "comments" WHERE "comments"."gossip_id" = $1[0m  [["gossip_id", 29]]
  ↳ app/models/gossip.rb:12:in `comments_count'
  [1m[36mComment Count (0.3ms)[0m  [1m[34mSELECT COUNT(*) FROM "comments" WHERE "comments"."gossip_id" = $1[0m  [["gossip_id", 28]]
  ↳ app/models/gossip.rb:12:in `comments_count'
  [1m[36mComment Count (0.3ms)[0m  [1m[34mSELECT COUNT(*) FROM "comments" WHERE "comments"."gossip_id" = $1[0m  [["gossip_id", 27]]
  ↳ app/models/gossip.rb:12:in `comments_count'
  [1m[36mComment Count (0.4ms)[0m  [1m[34mSELECT COUNT(*) FROM "comments" WHERE "comments"."gossip_id" = $1[0m  [["gossip_id", 26]]
  ↳ app/models/gossip.rb:12:in `comments_count'
  [1m[36mComment Count (0.4ms)[0m  [1m[34mSELECT COUNT(*) FROM "comments" WHERE "comments"."gossip_id" = $1[0m  [["gossip_id", 25]]
  ↳ app/models/gossip.rb:12:in `comments_count'
  [1m[36mComment Count (0.4ms)[0m  [1m[34mSELECT COUNT(*) FROM "comments" WHERE "comments"."gossip_id" = $1[0m  [["gossip_id", 24]]
  ↳ app/models/gossip.rb:12:in `comments_count'
  [1m[36mComment Count (0.3ms)[0m  [1m[34mSELECT COUNT(*) FROM "comments" WHERE "comments"."gossip_id" = $1[0m  [["gossip_id", 23]]
  ↳ app/models/gossip.rb:12:in `comments_count'
  [1m[36mComment Count (0.4ms)[0m  [1m[34mSELECT COUNT(*) FROM "comments" WHERE "comments"."gossip_id" = $1[0m  [["gossip_id", 22]]
  ↳ app/models/gossip.rb:12:in `comments_count'
  [1m[36mComment Count (0.3ms)[0m  [1m[34mSELECT COUNT(*) FROM "comments" WHERE "comments"."gossip_id" = $1[0m  [["gossip_id", 21]]
  ↳ app/models/gossip.rb:12:in `comments_count'
  [1m[36mComment Count (0.3ms)[0m  [1m[34mSELECT COUNT(*) FROM "comments" WHERE "comments"."gossip_id" = $1[0m  [["gossip_id", 20]]
  ↳ app/models/gossip.rb:12:in `comments_count'
  [1m[36mComment Count (0.3ms)[0m  [1m[34mSELECT COUNT(*) FROM "comments" WHERE "comments"."gossip_id" = $1[0m  [["gossip_id", 19]]
  ↳ app/models/gossip.rb:12:in `comments_count'
  [1m[36mComment Count (0.3ms)[0m  [1m[34mSELECT COUNT(*) FROM "comments" WHERE "comments"."gossip_id" = $1[0m  [["gossip_id", 18]]
  ↳ app/models/gossip.rb:12:in `comments_count'
  [1m[36mComment Count (0.4ms)[0m  [1m[34mSELECT COUNT(*) FROM "comments" WHERE "comments"."gossip_id" = $1[0m  [["gossip_id", 17]]
  ↳ app/models/gossip.rb:12:in `comments_count'
  [1m[36mComment Count (0.5ms)[0m  [1m[34mSELECT COUNT(*) FROM "comments" WHERE "comments"."gossip_id" = $1[0m  [["gossip_id", 16]]
  ↳ app/models/gossip.rb:12:in `comments_count'
  [1m[36mComment Count (0.3ms)[0m  [1m[34mSELECT COUNT(*) FROM "comments" WHERE "comments"."gossip_id" = $1[0m  [["gossip_id", 15]]
  ↳ app/models/gossip.rb:12:in `comments_count'
  [1m[36mComment Count (0.4ms)[0m  [1m[34mSELECT COUNT(*) FROM "comments" WHERE "comments"."gossip_id" = $1[0m  [["gossip_id", 14]]
  ↳ app/models/gossip.rb:12:in `comments_count'
  [1m[36mComment Count (0.4ms)[0m  [1m[34mSELECT COUNT(*) FROM "comments" WHERE "comments"."gossip_id" = $1[0m  [["gossip_id", 13]]
  ↳ app/models/gossip.rb:12:in `comments_count'
  [1m[36mComment Count (0.3ms)[0m  [1m[34mSELECT COUNT(*) FROM "comments" WHERE "comments"."gossip_id" = $1[0m  [["gossip_id", 12]]
  ↳ app/models/gossip.rb:12:in `comments_count'
  [1m[36mComment Count (0.3ms)[0m  [1m[34mSELECT COUNT(*) FROM "comments" WHERE "comments"."gossip_id" = $1[0m  [["gossip_id", 11]]
  ↳ app/models/gossip.rb:12:in `comments_count'
  [1m[36mComment Count (0.3ms)[0m  [1m[34mSELECT COUNT(*) FROM "comments" WHERE "comments"."gossip_id" = $1[0m  [["gossip_id", 10]]
  ↳ app/models/gossip.rb:12:in `comments_count'
  [1m[36mComment Count (0.7ms)[0m  [1m[34mSELECT COUNT(*) FROM "comments" WHERE "comments"."gossip_id" = $1[0m  [["gossip_id", 9]]
  ↳ app/models/gossip.rb:12:in `comments_count'
  [1m[36mComment Count (0.5ms)[0m  [1m[34mSELECT COUNT(*) FROM "comments" WHERE "comments"."gossip_id" = $1[0m  [["gossip_id", 8]]
  ↳ app/models/gossip.rb:12:in `comments_count'
  [1m[36mComment Count (0.3ms)[0m  [1m[34mSELECT COUNT(*) FROM "comments" WHERE "comments"."gossip_id" = $1[0m  [["gossip_id", 7]]
  ↳ app/models/gossip.rb:12:in `comments_count'
  [1m[36mComment Count (0.4ms)[0m  [1m[34mSELECT COUNT(*) FROM "comments" WHERE "comments"."gossip_id" = $1[0m  [["gossip_id", 6]]
  ↳ app/models/gossip.rb:12:in `comments_count'
  [1m[36mComment Count (0.6ms)[0m  [1m[34mSELECT COUNT(*) FROM "comments" WHERE "comments"."gossip_id" = $1[0m  [["gossip_id", 5]]
  ↳ app/models/gossip.rb:12:in `comments_count'
  [1m[36mComment Count (0.3ms)[0m  [1m[34mSELECT COUNT(*) FROM "comments" WHERE "comments"."gossip_id" = $1[0m  [["gossip_id", 4]]
  ↳ app/models/gossip.rb:12:in `comments_count'
  [1m[36mComment Count (0.3ms)[0m  [1m[34mSELECT COUNT(*) FROM "comments" WHERE "comments"."gossip_id" = $1[0m  [["gossip_id", 3]]
  ↳ app/models/gossip.rb:12:in `comments_count'
  [1m[36mComment Count (0.3ms)[0m  [1m[34mSELECT COUNT(*) FROM "comments" WHERE "comments"."gossip_id" = $1[0m  [["gossip_id", 2]]
  ↳ app/models/gossip.rb:12:in `comments_count'
  [1m[36mComment Count (0.5ms)[0m  [1m[34mSELECT COUNT(*) FROM "comments" WHERE "comments"."gossip_id" = $1[0m  [["gossip_id", 1]]
  ↳ app/models/gossip.rb:12:in `comments_count'
  Rendered gossips/index.html.erb within layouts/application (Duration: 134.2ms | Allocations: 47638)
  Rendered layout layouts/application.html.erb (Duration: 147.0ms | Allocations: 52971)
Completed 200 OK in 151ms (Views: 125.1ms | ActiveRecord: 24.8ms | Allocations: 54023)


Started GET "/" for 127.0.0.1 at 2023-05-10 23:25:23 +0200
Processing by GossipsController#index as HTML
  Rendering layout layouts/application.html.erb
  Rendering gossips/index.html.erb within layouts/application
  [1m[36mGossip Load (0.5ms)[0m  [1m[34mSELECT "gossips".* FROM "gossips" ORDER BY "gossips"."updated_at" DESC[0m
  ↳ app/views/gossips/index.html.erb:12
  [1m[36mComment Count (0.3ms)[0m  [1m[34mSELECT COUNT(*) FROM "comments" WHERE "comments"."gossip_id" = $1[0m  [["gossip_id", 67]]
  ↳ app/models/gossip.rb:12:in `comments_count'
  [1m[36mComment Count (0.4ms)[0m  [1m[34mSELECT COUNT(*) FROM "comments" WHERE "comments"."gossip_id" = $1[0m  [["gossip_id", 66]]
  ↳ app/models/gossip.rb:12:in `comments_count'
  [1m[36mComment Count (0.3ms)[0m  [1m[34mSELECT COUNT(*) FROM "comments" WHERE "comments"."gossip_id" = $1[0m  [["gossip_id", 65]]
  ↳ app/models/gossip.rb:12:in `comments_count'
  [1m[36mComment Count (0.3ms)[0m  [1m[34mSELECT COUNT(*) FROM "comments" WHERE "comments"."gossip_id" = $1[0m  [["gossip_id", 64]]
  ↳ app/models/gossip.rb:12:in `comments_count'
  [1m[36mComment Count (0.3ms)[0m  [1m[34mSELECT COUNT(*) FROM "comments" WHERE "comments"."gossip_id" = $1[0m  [["gossip_id", 63]]
  ↳ app/models/gossip.rb:12:in `comments_count'
  [1m[36mComment Count (0.3ms)[0m  [1m[34mSELECT COUNT(*) FROM "comments" WHERE "comments"."gossip_id" = $1[0m  [["gossip_id", 62]]
  ↳ app/models/gossip.rb:12:in `comments_count'
  [1m[36mComment Count (0.3ms)[0m  [1m[34mSELECT COUNT(*) FROM "comments" WHERE "comments"."gossip_id" = $1[0m  [["gossip_id", 61]]
  ↳ app/models/gossip.rb:12:in `comments_count'
  [1m[36mComment Count (0.3ms)[0m  [1m[34mSELECT COUNT(*) FROM "comments" WHERE "comments"."gossip_id" = $1[0m  [["gossip_id", 60]]
  ↳ app/models/gossip.rb:12:in `comments_count'
  [1m[36mComment Count (0.3ms)[0m  [1m[34mSELECT COUNT(*) FROM "comments" WHERE "comments"."gossip_id" = $1[0m  [["gossip_id", 59]]
  ↳ app/models/gossip.rb:12:in `comments_count'
  [1m[36mComment Count (0.3ms)[0m  [1m[34mSELECT COUNT(*) FROM "comments" WHERE "comments"."gossip_id" = $1[0m  [["gossip_id", 58]]
  ↳ app/models/gossip.rb:12:in `comments_count'
  [1m[36mComment Count (0.5ms)[0m  [1m[34mSELECT COUNT(*) FROM "comments" WHERE "comments"."gossip_id" = $1[0m  [["gossip_id", 57]]
  ↳ app/models/gossip.rb:12:in `comments_count'
  [1m[36mComment Count (0.4ms)[0m  [1m[34mSELECT COUNT(*) FROM "comments" WHERE "comments"."gossip_id" = $1[0m  [["gossip_id", 56]]
  ↳ app/models/gossip.rb:12:in `comments_count'
  [1m[36mComment Count (0.3ms)[0m  [1m[34mSELECT COUNT(*) FROM "comments" WHERE "comments"."gossip_id" = $1[0m  [["gossip_id", 55]]
  ↳ app/models/gossip.rb:12:in `comments_count'
  [1m[36mComment Count (0.3ms)[0m  [1m[34mSELECT COUNT(*) FROM "comments" WHERE "comments"."gossip_id" = $1[0m  [["gossip_id", 54]]
  ↳ app/models/gossip.rb:12:in `comments_count'
  [1m[36mComment Count (0.3ms)[0m  [1m[34mSELECT COUNT(*) FROM "comments" WHERE "comments"."gossip_id" = $1[0m  [["gossip_id", 53]]
  ↳ app/models/gossip.rb:12:in `comments_count'
  [1m[36mComment Count (0.3ms)[0m  [1m[34mSELECT COUNT(*) FROM "comments" WHERE "comments"."gossip_id" = $1[0m  [["gossip_id", 52]]
  ↳ app/models/gossip.rb:12:in `comments_count'
  [1m[36mComment Count (0.3ms)[0m  [1m[34mSELECT COUNT(*) FROM "comments" WHERE "comments"."gossip_id" = $1[0m  [["gossip_id", 51]]
  ↳ app/models/gossip.rb:12:in `comments_count'
  [1m[36mComment Count (0.3ms)[0m  [1m[34mSELECT COUNT(*) FROM "comments" WHERE "comments"."gossip_id" = $1[0m  [["gossip_id", 50]]
  ↳ app/models/gossip.rb:12:in `comments_count'
  [1m[36mComment Count (0.4ms)[0m  [1m[34mSELECT COUNT(*) FROM "comments" WHERE "comments"."gossip_id" = $1[0m  [["gossip_id", 49]]
  ↳ app/models/gossip.rb:12:in `comments_count'
  [1m[36mComment Count (0.3ms)[0m  [1m[34mSELECT COUNT(*) FROM "comments" WHERE "comments"."gossip_id" = $1[0m  [["gossip_id", 48]]
  ↳ app/models/gossip.rb:12:in `comments_count'
  [1m[36mComment Count (0.3ms)[0m  [1m[34mSELECT COUNT(*) FROM "comments" WHERE "comments"."gossip_id" = $1[0m  [["gossip_id", 47]]
  ↳ app/models/gossip.rb:12:in `comments_count'
  [1m[36mComment Count (0.3ms)[0m  [1m[34mSELECT COUNT(*) FROM "comments" WHERE "comments"."gossip_id" = $1[0m  [["gossip_id", 46]]
  ↳ app/models/gossip.rb:12:in `comments_count'
  [1m[36mComment Count (0.3ms)[0m  [1m[34mSELECT COUNT(*) FROM "comments" WHERE "comments"."gossip_id" = $1[0m  [["gossip_id", 45]]
  ↳ app/models/gossip.rb:12:in `comments_count'
  [1m[36mComment Count (0.3ms)[0m  [1m[34mSELECT COUNT(*) FROM "comments" WHERE "comments"."gossip_id" = $1[0m  [["gossip_id", 44]]
  ↳ app/models/gossip.rb:12:in `comments_count'
  [1m[36mComment Count (0.3ms)[0m  [1m[34mSELECT COUNT(*) FROM "comments" WHERE "comments"."gossip_id" = $1[0m  [["gossip_id", 43]]
  ↳ app/models/gossip.rb:12:in `comments_count'
  [1m[36mComment Count (10.7ms)[0m  [1m[34mSELECT COUNT(*) FROM "comments" WHERE "comments"."gossip_id" = $1[0m  [["gossip_id", 42]]
  ↳ app/models/gossip.rb:12:in `comments_count'
  [1m[36mComment Count (0.3ms)[0m  [1m[34mSELECT COUNT(*) FROM "comments" WHERE "comments"."gossip_id" = $1[0m  [["gossip_id", 41]]
  ↳ app/models/gossip.rb:12:in `comments_count'
  [1m[36mComment Count (0.3ms)[0m  [1m[34mSELECT COUNT(*) FROM "comments" WHERE "comments"."gossip_id" = $1[0m  [["gossip_id", 40]]
  ↳ app/models/gossip.rb:12:in `comments_count'
  [1m[36mComment Count (0.3ms)[0m  [1m[34mSELECT COUNT(*) FROM "comments" WHERE "comments"."gossip_id" = $1[0m  [["gossip_id", 39]]
  ↳ app/models/gossip.rb:12:in `comments_count'
  [1m[36mComment Count (0.3ms)[0m  [1m[34mSELECT COUNT(*) FROM "comments" WHERE "comments"."gossip_id" = $1[0m  [["gossip_id", 38]]
  ↳ app/models/gossip.rb:12:in `comments_count'
  [1m[36mComment Count (0.3ms)[0m  [1m[34mSELECT COUNT(*) FROM "comments" WHERE "comments"."gossip_id" = $1[0m  [["gossip_id", 37]]
  ↳ app/models/gossip.rb:12:in `comments_count'
  [1m[36mComment Count (0.3ms)[0m  [1m[34mSELECT COUNT(*) FROM "comments" WHERE "comments"."gossip_id" = $1[0m  [["gossip_id", 36]]
  ↳ app/models/gossip.rb:12:in `comments_count'
  [1m[36mComment Count (0.3ms)[0m  [1m[34mSELECT COUNT(*) FROM "comments" WHERE "comments"."gossip_id" = $1[0m  [["gossip_id", 35]]
  ↳ app/models/gossip.rb:12:in `comments_count'
  [1m[36mComment Count (0.3ms)[0m  [1m[34mSELECT COUNT(*) FROM "comments" WHERE "comments"."gossip_id" = $1[0m  [["gossip_id", 34]]
  ↳ app/models/gossip.rb:12:in `comments_count'
  [1m[36mComment Count (0.3ms)[0m  [1m[34mSELECT COUNT(*) FROM "comments" WHERE "comments"."gossip_id" = $1[0m  [["gossip_id", 33]]
  ↳ app/models/gossip.rb:12:in `comments_count'
  [1m[36mComment Count (0.3ms)[0m  [1m[34mSELECT COUNT(*) FROM "comments" WHERE "comments"."gossip_id" = $1[0m  [["gossip_id", 32]]
  ↳ app/models/gossip.rb:12:in `comments_count'
  [1m[36mComment Count (0.5ms)[0m  [1m[34mSELECT COUNT(*) FROM "comments" WHERE "comments"."gossip_id" = $1[0m  [["gossip_id", 31]]
  ↳ app/models/gossip.rb:12:in `comments_count'
  [1m[36mComment Count (0.4ms)[0m  [1m[34mSELECT COUNT(*) FROM "comments" WHERE "comments"."gossip_id" = $1[0m  [["gossip_id", 30]]
  ↳ app/models/gossip.rb:12:in `comments_count'
  [1m[36mComment Count (0.3ms)[0m  [1m[34mSELECT COUNT(*) FROM "comments" WHERE "comments"."gossip_id" = $1[0m  [["gossip_id", 29]]
  ↳ app/models/gossip.rb:12:in `comments_count'
  [1m[36mComment Count (0.3ms)[0m  [1m[34mSELECT COUNT(*) FROM "comments" WHERE "comments"."gossip_id" = $1[0m  [["gossip_id", 28]]
  ↳ app/models/gossip.rb:12:in `comments_count'
  [1m[36mComment Count (0.3ms)[0m  [1m[34mSELECT COUNT(*) FROM "comments" WHERE "comments"."gossip_id" = $1[0m  [["gossip_id", 27]]
  ↳ app/models/gossip.rb:12:in `comments_count'
  [1m[36mComment Count (0.3ms)[0m  [1m[34mSELECT COUNT(*) FROM "comments" WHERE "comments"."gossip_id" = $1[0m  [["gossip_id", 26]]
  ↳ app/models/gossip.rb:12:in `comments_count'
  [1m[36mComment Count (0.4ms)[0m  [1m[34mSELECT COUNT(*) FROM "comments" WHERE "comments"."gossip_id" = $1[0m  [["gossip_id", 25]]
  ↳ app/models/gossip.rb:12:in `comments_count'
  [1m[36mComment Count (0.3ms)[0m  [1m[34mSELECT COUNT(*) FROM "comments" WHERE "comments"."gossip_id" = $1[0m  [["gossip_id", 24]]
  ↳ app/models/gossip.rb:12:in `comments_count'
  [1m[36mComment Count (0.3ms)[0m  [1m[34mSELECT COUNT(*) FROM "comments" WHERE "comments"."gossip_id" = $1[0m  [["gossip_id", 23]]
  ↳ app/models/gossip.rb:12:in `comments_count'
  [1m[36mComment Count (0.6ms)[0m  [1m[34mSELECT COUNT(*) FROM "comments" WHERE "comments"."gossip_id" = $1[0m  [["gossip_id", 22]]
  ↳ app/models/gossip.rb:12:in `comments_count'
  [1m[36mComment Count (0.3ms)[0m  [1m[34mSELECT COUNT(*) FROM "comments" WHERE "comments"."gossip_id" = $1[0m  [["gossip_id", 21]]
  ↳ app/models/gossip.rb:12:in `comments_count'
  [1m[36mComment Count (0.3ms)[0m  [1m[34mSELECT COUNT(*) FROM "comments" WHERE "comments"."gossip_id" = $1[0m  [["gossip_id", 20]]
  ↳ app/models/gossip.rb:12:in `comments_count'
  [1m[36mComment Count (0.3ms)[0m  [1m[34mSELECT COUNT(*) FROM "comments" WHERE "comments"."gossip_id" = $1[0m  [["gossip_id", 19]]
  ↳ app/models/gossip.rb:12:in `comments_count'
  [1m[36mComment Count (0.3ms)[0m  [1m[34mSELECT COUNT(*) FROM "comments" WHERE "comments"."gossip_id" = $1[0m  [["gossip_id", 18]]
  ↳ app/models/gossip.rb:12:in `comments_count'
  [1m[36mComment Count (0.3ms)[0m  [1m[34mSELECT COUNT(*) FROM "comments" WHERE "comments"."gossip_id" = $1[0m  [["gossip_id", 17]]
  ↳ app/models/gossip.rb:12:in `comments_count'
  [1m[36mComment Count (0.4ms)[0m  [1m[34mSELECT COUNT(*) FROM "comments" WHERE "comments"."gossip_id" = $1[0m  [["gossip_id", 16]]
  ↳ app/models/gossip.rb:12:in `comments_count'
  [1m[36mComment Count (0.3ms)[0m  [1m[34mSELECT COUNT(*) FROM "comments" WHERE "comments"."gossip_id" = $1[0m  [["gossip_id", 15]]
  ↳ app/models/gossip.rb:12:in `comments_count'
  [1m[36mComment Count (0.4ms)[0m  [1m[34mSELECT COUNT(*) FROM "comments" WHERE "comments"."gossip_id" = $1[0m  [["gossip_id", 14]]
  ↳ app/models/gossip.rb:12:in `comments_count'
  [1m[36mComment Count (0.3ms)[0m  [1m[34mSELECT COUNT(*) FROM "comments" WHERE "comments"."gossip_id" = $1[0m  [["gossip_id", 13]]
  ↳ app/models/gossip.rb:12:in `comments_count'
  [1m[36mComment Count (0.3ms)[0m  [1m[34mSELECT COUNT(*) FROM "comments" WHERE "comments"."gossip_id" = $1[0m  [["gossip_id", 12]]
  ↳ app/models/gossip.rb:12:in `comments_count'
  [1m[36mComment Count (0.3ms)[0m  [1m[34mSELECT COUNT(*) FROM "comments" WHERE "comments"."gossip_id" = $1[0m  [["gossip_id", 11]]
  ↳ app/models/gossip.rb:12:in `comments_count'
  [1m[36mComment Count (0.3ms)[0m  [1m[34mSELECT COUNT(*) FROM "comments" WHERE "comments"."gossip_id" = $1[0m  [["gossip_id", 10]]
  ↳ app/models/gossip.rb:12:in `comments_count'
  [1m[36mComment Count (0.3ms)[0m  [1m[34mSELECT COUNT(*) FROM "comments" WHERE "comments"."gossip_id" = $1[0m  [["gossip_id", 9]]
  ↳ app/models/gossip.rb:12:in `comments_count'
  [1m[36mComment Count (0.3ms)[0m  [1m[34mSELECT COUNT(*) FROM "comments" WHERE "comments"."gossip_id" = $1[0m  [["gossip_id", 8]]
  ↳ app/models/gossip.rb:12:in `comments_count'
  [1m[36mComment Count (0.3ms)[0m  [1m[34mSELECT COUNT(*) FROM "comments" WHERE "comments"."gossip_id" = $1[0m  [["gossip_id", 7]]
  ↳ app/models/gossip.rb:12:in `comments_count'
  [1m[36mComment Count (0.3ms)[0m  [1m[34mSELECT COUNT(*) FROM "comments" WHERE "comments"."gossip_id" = $1[0m  [["gossip_id", 6]]
  ↳ app/models/gossip.rb:12:in `comments_count'
  [1m[36mComment Count (0.3ms)[0m  [1m[34mSELECT COUNT(*) FROM "comments" WHERE "comments"."gossip_id" = $1[0m  [["gossip_id", 5]]
  ↳ app/models/gossip.rb:12:in `comments_count'
  [1m[36mComment Count (55.6ms)[0m  [1m[34mSELECT COUNT(*) FROM "comments" WHERE "comments"."gossip_id" = $1[0m  [["gossip_id", 4]]
  ↳ app/models/gossip.rb:12:in `comments_count'
  [1m[36mComment Count (0.8ms)[0m  [1m[34mSELECT COUNT(*) FROM "comments" WHERE "comments"."gossip_id" = $1[0m  [["gossip_id", 3]]
  ↳ app/models/gossip.rb:12:in `comments_count'
  [1m[36mComment Count (0.4ms)[0m  [1m[34mSELECT COUNT(*) FROM "comments" WHERE "comments"."gossip_id" = $1[0m  [["gossip_id", 2]]
  ↳ app/models/gossip.rb:12:in `comments_count'
  [1m[36mComment Count (0.4ms)[0m  [1m[34mSELECT COUNT(*) FROM "comments" WHERE "comments"."gossip_id" = $1[0m  [["gossip_id", 1]]
  ↳ app/models/gossip.rb:12:in `comments_count'
  Rendered gossips/index.html.erb within layouts/application (Duration: 214.9ms | Allocations: 47614)
  Rendered layout layouts/application.html.erb (Duration: 236.3ms | Allocations: 52898)
Completed 200 OK in 241ms (Views: 151.4ms | ActiveRecord: 88.4ms | Allocations: 53948)


